This is XeTeX, Version 3.141592653-2.6-0.999993 (TeX Live 2021/W32TeX) (preloaded format=xelatex 2021.10.6)  6 OCT 2021 16:51
entering extended mode
 restricted \write18 enabled.
 file:line:error style messages enabled.
 %&-line parsing enabled.
**2
(./2.tex
LaTeX2e <2020-10-01> patch level 4
L3 programming layer <2021-02-18>

./2.tex:1: LaTeX Error: Missing \begin{document}.

See the LaTeX manual or LaTeX Companion for explanation.
Type  H <return>  for immediate help.
 ...                                              
                                                  
l.1 \begin{enumerate}
                     
You're in trouble here.  Try typing  <return>  to proceed.
If that doesn't work, type  X <return>  to quit.


Overfull \hbox (20.0pt too wide) in paragraph at lines 1--1
[] 
 []

Missing character: There is no 中 ("4E2D) in font nullfont!
Missing character: There is no 文 ("6587) in font nullfont!
Missing character: There is no 汉 ("6C49) in font nullfont!
Missing character: There is no 字 ("5B57) in font nullfont!
Missing character: There is no 语 ("8BED) in font nullfont!
Missing character: There is no 法 ("6CD5) in font nullfont!
Missing character: There is no 文 ("6587) in font nullfont!
Missing character: There is no 章 ("7AE0) in font nullfont!
Missing character: There is no 英 ("82F1) in font nullfont!
Missing character: There is no 文 ("6587) in font nullfont!
Missing character: There is no 德 ("5FB7) in font nullfont!
Missing character: There is no 文 ("6587) in font nullfont!
)
! Emergency stop.
<*> 2
     
*** (job aborted, no legal \end found)

 
Here is how much of TeX's memory you used:
 19 strings out of 476919
 307 string characters out of 5825424
 293906 words of memory out of 5000000
 20123 multiletter control sequences out of 15000+600000
 403430 words of font info for 27 fonts, out of 8000000 for 9000
 1348 hyphenation exceptions out of 8191
 12i,1n,15p,59b,119s stack positions out of 5000i,500n,10000p,200000b,80000s
No pages of output.
